#-----------------------------------------------------------
# Vivado v2018.2 (64-bit)
# SW Build 2258646 on Thu Jun 14 20:03:12 MDT 2018
# IP Build 2256618 on Thu Jun 14 22:10:49 MDT 2018
# Start of session at: Sun Mar 17 15:40:34 2024
# Process ID: 6220
# Current directory: C:/Users/suziy/Desktop/dav
# Command line: vivado.exe -gui_launcher_event rodinguilauncherevent19924 C:\Users\suziy\Desktop\dav\dav.xpr
# Log file: C:/Users/suziy/Desktop/dav/vivado.log
# Journal file: C:/Users/suziy/Desktop/dav\vivado.jou
#-----------------------------------------------------------
start_gui
open_project C:/Users/suziy/Desktop/dav/dav.xpr
INFO: [Project 1-313] Project file moved from 'C:/Users/suziy/Desktop/M152A/lab_4/dav' since last save.
Scanning sources...
Finished scanning sources
INFO: [IP_Flow 19-234] Refreshing IP repositories
INFO: [IP_Flow 19-1704] No user IP repositories specified
INFO: [IP_Flow 19-2313] Loaded Vivado IP repository 'C:/Xilinx/Vivado/2018.2/data/ip'.
open_project: Time (s): cpu = 00:00:03 ; elapsed = 00:00:06 . Memory (MB): peak = 812.715 ; gain = 132.301
update_compile_order -fileset sources_1
reset_project
exit
INFO: [Common 17-206] Exiting Vivado at Sun Mar 17 15:42:50 2024...
